<?xml version="1.0" encoding="UTF-8"?>
<testng-results skipped="0" failed="0" ignored="0" total="1" passed="1">
  <reporter-output>
  </reporter-output>
  <suite name="WMS TestSuite" duration-ms="14110" started-at="2020-05-31T03:30:04 BST" finished-at="2020-05-31T03:30:18 BST">
    <groups>
      <group name="main">
        <method signature="Scenario1.method1()[pri:0, instance:testclasses.Scenario1@31a5c39e]" name="method1" class="testclasses.Scenario1"/>
      </group> <!-- main -->
    </groups>
    <test name="Main Run" duration-ms="14110" started-at="2020-05-31T03:30:04 BST" finished-at="2020-05-31T03:30:18 BST">
      <class name="testclasses.Scenario1">
        <test-method status="PASS" signature="beforeSuite()[pri:0, instance:testclasses.Scenario1@31a5c39e]" name="beforeSuite" is-config="true" duration-ms="13" started-at="2020-05-31T03:30:04 BST" finished-at="2020-05-31T03:30:04 BST">
          <reporter-output>
          </reporter-output>
        </test-method> <!-- beforeSuite -->
        <test-method status="PASS" signature="beforeClass()[pri:0, instance:testclasses.Scenario1@31a5c39e]" name="beforeClass" is-config="true" duration-ms="1" started-at="2020-05-31T03:30:04 BST" finished-at="2020-05-31T03:30:04 BST">
          <reporter-output>
          </reporter-output>
        </test-method> <!-- beforeClass -->
        <test-method status="PASS" signature="method1()[pri:0, instance:testclasses.Scenario1@31a5c39e]" name="method1" duration-ms="14080" started-at="2020-05-31T03:30:04 BST" finished-at="2020-05-31T03:30:18 BST">
          <reporter-output>
          </reporter-output>
        </test-method> <!-- method1 -->
        <test-method status="PASS" signature="afterClass()[pri:0, instance:testclasses.Scenario1@31a5c39e]" name="afterClass" is-config="true" duration-ms="0" started-at="2020-05-31T03:30:18 BST" finished-at="2020-05-31T03:30:18 BST">
          <reporter-output>
          </reporter-output>
        </test-method> <!-- afterClass -->
        <test-method status="PASS" signature="afterSuite()[pri:0, instance:testclasses.Scenario1@31a5c39e]" name="afterSuite" is-config="true" duration-ms="1" started-at="2020-05-31T03:30:18 BST" finished-at="2020-05-31T03:30:18 BST">
          <reporter-output>
          </reporter-output>
        </test-method> <!-- afterSuite -->
      </class> <!-- testclasses.Scenario1 -->
    </test> <!-- Main Run -->
  </suite> <!-- WMS TestSuite -->
</testng-results>
